<?xml version="1.0" encoding="UTF-8"?>
<!-- Generated by org.testng.reporters.JUnitXMLReporter -->
<testsuite hostname="LAPTOP-F09CTRIR" ignored="0" name="Home Page Title Test" tests="3" failures="0" timestamp="01 Apr 2018 12:27:14 GMT" time="425.752" errors="0">
  <testcase name="verifyHomePageTitleTest" time="7.225" classname="com.selenium.qa.homepage.test.HomePageAustraiTest"/>
  <testcase name="verifyHomePageLinkTest" time="237.247" classname="com.selenium.qa.homepage.test.HomePageAustraiTest"/>
  <testcase name="sanity_GuestUserCheckOutFlowTest" time="47.681" classname="com.selenium.qa.homepage.test.HomePageAustraiTest"/>
</testsuite> <!-- Home Page Title Test -->
