<?xml version="1.0" encoding="UTF-8"?>
<!-- Generated by org.testng.reporters.JUnitXMLReporter -->
<testsuite hostname="LAPTOP-F09CTRIR" ignored="0" name="TomsUiTest" tests="3" failures="0" timestamp="31 Mar 2018 06:41:12 GMT" time="274.349" errors="0">
  <testcase name="verifyHomePageTitleTest" time="7.483" classname="com.selenium.qa.homepage.test.HomePageAustraiTest"/>
  <testcase name="verifyTotalLinkTest" time="5.279" classname="com.selenium.qa.homepage.test.HomePageAustraiTest"/>
  <testcase name="verifyAllHomePageLinkTest" time="196.343" classname="com.selenium.qa.homepage.test.HomePageAustraiTest"/>
</testsuite> <!-- TomsUiTest -->
